
==============================================

!Wed Apr 02 16:17:20 CEST 2025

Processing file Transformation_Map/Transformation_Map.msgflow.
Successfully added file Transformation_Map/Transformation_Map.msgflow to BAR file.

==============================================

!Wed Apr 02 16:17:20 CEST 2025

Processing file Transformation_Map/InputXMLSchema.xsd.
Successfully added file Transformation_Map/InputXMLSchema.xsd to BAR file.

==============================================

!Wed Apr 02 16:17:20 CEST 2025

Processing file Transformation_Map/OutputXMLSchema.xsd.
Successfully added file Transformation_Map/OutputXMLSchema.xsd to BAR file.

==============================================

!Wed Apr 02 16:17:20 CEST 2025

Processing file Transformation_Map/Transformation_Map.map.
Successfully added file Transformation_Map/Transformation_Map.map to BAR file.

==============================================

!Wed Apr 02 16:17:20 CEST 2025

Processing file Transformation_Map/application.descriptor.
Successfully added file Transformation_Map/application.descriptor to BAR file.
Elapsed time: 0 second(s).

Successfully added file Transformation_Map/application.descriptor to BAR file.

==============================================

!Wed Apr 02 16:17:20 CEST 2025

Processing file Transformation_Map/application.descriptor.
Successfully added file Transformation_Map/application.descriptor to BAR file.
Elapsed time: 0 second(s).

Successfully added file Transformation_Map/application.descriptor to BAR file.

==============================================

!Wed Apr 02 16:17:20 CEST 2025

Processing file Transformation_Map/input.xml.
Successfully added file Transformation_Map/input.xml to BAR file.
